01:57:37.115 [main] DEBUG com.intuit.karate.Suite - [config] classpath:karate-config.js
01:57:38.118 [main] INFO  com.intuit.karate - karate.env system property was: null 
01:57:38.704 [main] DEBUG com.intuit.karate - request:
1 > GET https://jsonplaceholder.typicode.com/users
1 > Host: jsonplaceholder.typicode.com
1 > Connection: Keep-Alive
1 > User-Agent: Apache-HttpClient/4.5.13 (Java/1.8.0_241)
1 > Accept-Encoding: gzip,deflate


01:57:39.540 [main] DEBUG com.intuit.karate - response time in milliseconds: 834
1 < 200
1 < Date: Thu, 16 Mar 2023 23:57:40 GMT
1 < Content-Type: application/json; charset=utf-8
1 < Transfer-Encoding: chunked
1 < Connection: keep-alive
1 < X-Powered-By: Express
1 < X-Ratelimit-Limit: 1000
1 < X-Ratelimit-Remaining: 999
1 < X-Ratelimit-Reset: 1679006822
1 < Vary: Origin, Accept-Encoding
1 < Access-Control-Allow-Credentials: true
1 < Cache-Control: max-age=43200
1 < Pragma: no-cache
1 < Expires: -1
1 < X-Content-Type-Options: nosniff
1 < Etag: W/"160d-1eMSsxeJRfnVLRBmYJSbCiJZ1qQ"
1 < Via: 1.1 vegur
1 < CF-Cache-Status: HIT
1 < Age: 4269
1 < Server-Timing: cf-q-config;dur=6.9999996412662e-06
1 < Report-To: {"endpoints":[{"url":"https:\/\/a.nel.cloudflare.com\/report\/v3?s=NG%2B%2Boy2SEhTNy4Eg1tgvDozKXBmBNwDjrSTvJhQnptNq6Xy7qqbeLr3Cr9flyngLi8tAjXSOCOx0PLuPS6d0Y7elyUzBBRj4j%2B3exlp6CAEGnNkJyg7KlFcT6tRYOmK1uuZCvgMW6iVW0huWbUvr"}],"group":"cf-nel","max_age":604800}
1 < NEL: {"success_fraction":0,"report_to":"cf-nel","max_age":604800}
1 < Server: cloudflare
1 < CF-RAY: 7a90f09a6dd4f73a-JNB
1 < alt-svc: h3=":443"; ma=86400, h3-29=":443"; ma=86400
[
  {
    "id": 1,
    "name": "Leanne Graham",
    "username": "Bret",
    "email": "Sincere@april.biz",
    "address": {
      "street": "Kulas Light",
      "suite": "Apt. 556",
      "city": "Gwenborough",
      "zipcode": "92998-3874",
      "geo": {
        "lat": "-37.3159",
        "lng": "81.1496"
      }
    },
    "phone": "1-770-736-8031 x56442",
    "website": "hildegard.org",
    "company": {
      "name": "Romaguera-Crona",
      "catchPhrase": "Multi-layered client-server neural-net",
      "bs": "harness real-time e-markets"
    }
  },
  {
    "id": 2,
    "name": "Ervin Howell",
    "username": "Antonette",
    "email": "Shanna@melissa.tv",
    "address": {
      "street": "Victor Plains",
      "suite": "Suite 879",
      "city": "Wisokyburgh",
      "zipcode": "90566-7771",
      "geo": {
        "lat": "-43.9509",
        "lng": "-34.4618"
      }
    },
    "phone": "010-692-6593 x09125",
    "website": "anastasia.net",
    "company": {
      "name": "Deckow-Crist",
      "catchPhrase": "Proactive didactic contingency",
      "bs": "synergize scalable supply-chains"
    }
  },
  {
    "id": 3,
    "name": "Clementine Bauch",
    "username": "Samantha",
    "email": "Nathan@yesenia.net",
    "address": {
      "street": "Douglas Extension",
      "suite": "Suite 847",
      "city": "McKenziehaven",
      "zipcode": "59590-4157",
      "geo": {
        "lat": "-68.6102",
        "lng": "-47.0653"
      }
    },
    "phone": "1-463-123-4447",
    "website": "ramiro.info",
    "company": {
      "name": "Romaguera-Jacobson",
      "catchPhrase": "Face to face bifurcated interface",
      "bs": "e-enable strategic applications"
    }
  },
  {
    "id": 4,
    "name": "Patricia Lebsack",
    "username": "Karianne",
    "email": "Julianne.OConner@kory.org",
    "address": {
      "street": "Hoeger Mall",
      "suite": "Apt. 692",
      "city": "South Elvis",
      "zipcode": "53919-4257",
      "geo": {
        "lat": "29.4572",
        "lng": "-164.2990"
      }
    },
    "phone": "493-170-9623 x156",
    "website": "kale.biz",
    "company": {
      "name": "Robel-Corkery",
      "catchPhrase": "Multi-tiered zero tolerance productivity",
      "bs": "transition cutting-edge web services"
    }
  },
  {
    "id": 5,
    "name": "Chelsey Dietrich",
    "username": "Kamren",
    "email": "Lucio_Hettinger@annie.ca",
    "address": {
      "street": "Skiles Walks",
      "suite": "Suite 351",
      "city": "Roscoeview",
      "zipcode": "33263",
      "geo": {
        "lat": "-31.8129",
        "lng": "62.5342"
      }
    },
    "phone": "(254)954-1289",
    "website": "demarco.info",
    "company": {
      "name": "Keebler LLC",
      "catchPhrase": "User-centric fault-tolerant solution",
      "bs": "revolutionize end-to-end systems"
    }
  },
  {
    "id": 6,
    "name": "Mrs. Dennis Schulist",
    "username": "Leopoldo_Corkery",
    "email": "Karley_Dach@jasper.info",
    "address": {
      "street": "Norberto Crossing",
      "suite": "Apt. 950",
      "city": "South Christy",
      "zipcode": "23505-1337",
      "geo": {
        "lat": "-71.4197",
        "lng": "71.7478"
      }
    },
    "phone": "1-477-935-8478 x6430",
    "website": "ola.org",
    "company": {
      "name": "Considine-Lockman",
      "catchPhrase": "Synchronised bottom-line interface",
      "bs": "e-enable innovative applications"
    }
  },
  {
    "id": 7,
    "name": "Kurtis Weissnat",
    "username": "Elwyn.Skiles",
    "email": "Telly.Hoeger@billy.biz",
    "address": {
      "street": "Rex Trail",
      "suite": "Suite 280",
      "city": "Howemouth",
      "zipcode": "58804-1099",
      "geo": {
        "lat": "24.8918",
        "lng": "21.8984"
      }
    },
    "phone": "210.067.6132",
    "website": "elvis.io",
    "company": {
      "name": "Johns Group",
      "catchPhrase": "Configurable multimedia task-force",
      "bs": "generate enterprise e-tailers"
    }
  },
  {
    "id": 8,
    "name": "Nicholas Runolfsdottir V",
    "username": "Maxime_Nienow",
    "email": "Sherwood@rosamond.me",
    "address": {
      "street": "Ellsworth Summit",
      "suite": "Suite 729",
      "city": "Aliyaview",
      "zipcode": "45169",
      "geo": {
        "lat": "-14.3990",
        "lng": "-120.7677"
      }
    },
    "phone": "586.493.6943 x140",
    "website": "jacynthe.com",
    "company": {
      "name": "Abernathy Group",
      "catchPhrase": "Implemented secondary concept",
      "bs": "e-enable extensible e-tailers"
    }
  },
  {
    "id": 9,
    "name": "Glenna Reichert",
    "username": "Delphine",
    "email": "Chaim_McDermott@dana.io",
    "address": {
      "street": "Dayna Park",
      "suite": "Suite 449",
      "city": "Bartholomebury",
      "zipcode": "76495-3109",
      "geo": {
        "lat": "24.6463",
        "lng": "-168.8889"
      }
    },
    "phone": "(775)976-6794 x41206",
    "website": "conrad.com",
    "company": {
      "name": "Yost and Sons",
      "catchPhrase": "Switchable contextually-based project",
      "bs": "aggregate real-time technologies"
    }
  },
  {
    "id": 10,
    "name": "Clementina DuBuque",
    "username": "Moriah.Stanton",
    "email": "Rey.Padberg@karina.biz",
    "address": {
      "street": "Kattie Turnpike",
      "suite": "Suite 198",
      "city": "Lebsackbury",
      "zipcode": "31428-2261",
      "geo": {
        "lat": "-38.2386",
        "lng": "57.2232"
      }
    },
    "phone": "024-648-3804",
    "website": "ambrose.net",
    "company": {
      "name": "Hoeger LLC",
      "catchPhrase": "Centralized empowering task-force",
      "bs": "target end-to-end models"
    }
  }
]
01:57:39.602 [main] DEBUG com.intuit.karate - request:
2 > GET https://jsonplaceholder.typicode.com/users/1
2 > Host: jsonplaceholder.typicode.com
2 > Connection: Keep-Alive
2 > User-Agent: Apache-HttpClient/4.5.13 (Java/1.8.0_241)
2 > Accept-Encoding: gzip,deflate


01:57:39.697 [main] DEBUG com.intuit.karate - response time in milliseconds: 93
2 < 200
2 < Date: Thu, 16 Mar 2023 23:57:41 GMT
2 < Content-Type: application/json; charset=utf-8
2 < Transfer-Encoding: chunked
2 < Connection: keep-alive
2 < X-Powered-By: Express
2 < X-Ratelimit-Limit: 1000
2 < X-Ratelimit-Remaining: 997
2 < X-Ratelimit-Reset: 1679006822
2 < Vary: Origin, Accept-Encoding
2 < Access-Control-Allow-Credentials: true
2 < Cache-Control: max-age=43200
2 < Pragma: no-cache
2 < Expires: -1
2 < X-Content-Type-Options: nosniff
2 < Etag: W/"1fd-+2Y3G3w049iSZtw5t1mzSnunngE"
2 < Via: 1.1 vegur
2 < CF-Cache-Status: HIT
2 < Age: 4269
2 < Server-Timing: cf-q-config;dur=4.9999998736894e-06
2 < Report-To: {"endpoints":[{"url":"https:\/\/a.nel.cloudflare.com\/report\/v3?s=FhVk%2B0x0A7H2BmWLV%2BE8f63TU%2BBLvWUG4R8Z4Hn1UyhQG5kCLEGfWjUwmX2%2BqisjYNr7wMIlgrgDTxlcZDsS3ASBYA2zxK1GzgBg3%2B2pO12KaXY3zCinS%2FalwnS0pHMKFnQqawplTgtMAs1joyXN"}],"group":"cf-nel","max_age":604800}
2 < NEL: {"success_fraction":0,"report_to":"cf-nel","max_age":604800}
2 < Server: cloudflare
2 < CF-RAY: 7a90f09b8ec4f722-JNB
2 < alt-svc: h3=":443"; ma=86400, h3-29=":443"; ma=86400
{
  "id": 1,
  "name": "Leanne Graham",
  "username": "Bret",
  "email": "Sincere@april.biz",
  "address": {
    "street": "Kulas Light",
    "suite": "Apt. 556",
    "city": "Gwenborough",
    "zipcode": "92998-3874",
    "geo": {
      "lat": "-37.3159",
      "lng": "81.1496"
    }
  },
  "phone": "1-770-736-8031 x56442",
  "website": "hildegard.org",
  "company": {
    "name": "Romaguera-Crona",
    "catchPhrase": "Multi-layered client-server neural-net",
    "bs": "harness real-time e-markets"
  }
}
01:57:39.716 [main] INFO  com.intuit.karate - karate.env system property was: null 
01:57:39.795 [main] DEBUG com.intuit.karate - request:
1 > POST https://jsonplaceholder.typicode.com/users
1 > Content-Type: application/json; charset=UTF-8
1 > Content-Length: 160
1 > Host: jsonplaceholder.typicode.com
1 > Connection: Keep-Alive
1 > User-Agent: Apache-HttpClient/4.5.13 (Java/1.8.0_241)
1 > Accept-Encoding: gzip,deflate
{"name":"Test User","username":"testuser","email":"test@user.com","address":{"street":"Has No Name","suite":"Apt. 123","city":"Electri","zipcode":"54321-6789"}}

01:57:40.510 [main] DEBUG com.intuit.karate - response time in milliseconds: 715
1 < 201
1 < Date: Thu, 16 Mar 2023 23:57:41 GMT
1 < Content-Type: application/json; charset=utf-8
1 < Content-Length: 216
1 < Connection: keep-alive
1 < X-Powered-By: Express
1 < X-Ratelimit-Limit: 1000
1 < X-Ratelimit-Remaining: 999
1 < X-Ratelimit-Reset: 1679011082
1 < Vary: Origin, X-HTTP-Method-Override, Accept-Encoding
1 < Access-Control-Allow-Credentials: true
1 < Cache-Control: no-cache
1 < Pragma: no-cache
1 < Expires: -1
1 < Access-Control-Expose-Headers: Location
1 < Location: http://jsonplaceholder.typicode.com/users/11
1 < X-Content-Type-Options: nosniff
1 < Etag: W/"d8-pYV7+YuMGP2hxHPU9ARrf97ifDA"
1 < Via: 1.1 vegur
1 < CF-Cache-Status: DYNAMIC
1 < Server-Timing: cf-q-config;dur=4.9999998736894e-06
1 < Report-To: {"endpoints":[{"url":"https:\/\/a.nel.cloudflare.com\/report\/v3?s=ECFlGC%2B4zpaCNIiKG%2BMt1%2F3BgWXEvN7drvcmetNLr%2BMaD18Bbwa%2FQ5E%2By1Xc5ATsKBVle92YyZiPb9l7l6OvboFmzSE3n9NgW%2FAcKaQieJp4Zwkp%2FErCtZQRy9aBEe%2Frsg6PaCAtdGahRZ78hyMa"}],"group":"cf-nel","max_age":604800}
1 < NEL: {"success_fraction":0,"report_to":"cf-nel","max_age":604800}
1 < Server: cloudflare
1 < CF-RAY: 7a90f09ccf26f722-JNB
1 < alt-svc: h3=":443"; ma=86400, h3-29=":443"; ma=86400
{
  "name": "Test User",
  "username": "testuser",
  "email": "test@user.com",
  "address": {
    "street": "Has No Name",
    "suite": "Apt. 123",
    "city": "Electri",
    "zipcode": "54321-6789"
  },
  "id": 11
}
01:57:40.514 [main] INFO  com.intuit.karate - [print] created id is:  11 
01:59:20.851 [main] DEBUG com.intuit.karate.Suite - [config] classpath:karate-config.js
01:59:20.856 [main] INFO  com.intuit.karate.Suite - backed up existing 'target\karate-reports' dir to: target\karate-reports_1679011160855
01:59:21.983 [pool-1-thread-2] INFO  com.intuit.karate - karate.env system property was: null 
01:59:21.983 [pool-1-thread-1] INFO  com.intuit.karate - karate.env system property was: null 
01:59:22.558 [pool-1-thread-1] DEBUG com.intuit.karate - request:
1 > GET https://jsonplaceholder.typicode.com/users
1 > Host: jsonplaceholder.typicode.com
1 > Connection: Keep-Alive
1 > User-Agent: Apache-HttpClient/4.5.13 (Java/1.8.0_241)
1 > Accept-Encoding: gzip,deflate


01:59:22.651 [pool-1-thread-2] DEBUG com.intuit.karate - request:
1 > POST https://jsonplaceholder.typicode.com/users
1 > Content-Type: application/json; charset=UTF-8
1 > Content-Length: 160
1 > Host: jsonplaceholder.typicode.com
1 > Connection: Keep-Alive
1 > User-Agent: Apache-HttpClient/4.5.13 (Java/1.8.0_241)
1 > Accept-Encoding: gzip,deflate
{"name":"Test User","username":"testuser","email":"test@user.com","address":{"street":"Has No Name","suite":"Apt. 123","city":"Electri","zipcode":"54321-6789"}}

01:59:23.027 [pool-1-thread-1] DEBUG com.intuit.karate - response time in milliseconds: 467
1 < 200
1 < Date: Thu, 16 Mar 2023 23:59:24 GMT
1 < Content-Type: application/json; charset=utf-8
1 < Transfer-Encoding: chunked
1 < Connection: keep-alive
1 < X-Powered-By: Express
1 < X-Ratelimit-Limit: 1000
1 < X-Ratelimit-Remaining: 999
1 < X-Ratelimit-Reset: 1679006822
1 < Vary: Origin, Accept-Encoding
1 < Access-Control-Allow-Credentials: true
1 < Cache-Control: max-age=43200
1 < Pragma: no-cache
1 < Expires: -1
1 < X-Content-Type-Options: nosniff
1 < Etag: W/"160d-1eMSsxeJRfnVLRBmYJSbCiJZ1qQ"
1 < Via: 1.1 vegur
1 < CF-Cache-Status: HIT
1 < Age: 4373
1 < Server-Timing: cf-q-config;dur=6.0000002122251e-06
1 < Report-To: {"endpoints":[{"url":"https:\/\/a.nel.cloudflare.com\/report\/v3?s=WHMKfbnYkLlnceloYidLGCeEEfQ73ftDqE2Ko6MFhwslG2EDF9wSMPsiwsIOP9OYuk%2FuNTm%2FQh6NYhubYUbI7%2Btr4zhUTlvVAAGF7pB3SHclN3UrO7VfITdfumVMllbSI5ipd3OFbpfi%2FqO%2FuhD3"}],"group":"cf-nel","max_age":604800}
1 < NEL: {"success_fraction":0,"report_to":"cf-nel","max_age":604800}
1 < Server: cloudflare
1 < CF-RAY: 7a90f3213b53f73a-JNB
1 < alt-svc: h3=":443"; ma=86400, h3-29=":443"; ma=86400
[
  {
    "id": 1,
    "name": "Leanne Graham",
    "username": "Bret",
    "email": "Sincere@april.biz",
    "address": {
      "street": "Kulas Light",
      "suite": "Apt. 556",
      "city": "Gwenborough",
      "zipcode": "92998-3874",
      "geo": {
        "lat": "-37.3159",
        "lng": "81.1496"
      }
    },
    "phone": "1-770-736-8031 x56442",
    "website": "hildegard.org",
    "company": {
      "name": "Romaguera-Crona",
      "catchPhrase": "Multi-layered client-server neural-net",
      "bs": "harness real-time e-markets"
    }
  },
  {
    "id": 2,
    "name": "Ervin Howell",
    "username": "Antonette",
    "email": "Shanna@melissa.tv",
    "address": {
      "street": "Victor Plains",
      "suite": "Suite 879",
      "city": "Wisokyburgh",
      "zipcode": "90566-7771",
      "geo": {
        "lat": "-43.9509",
        "lng": "-34.4618"
      }
    },
    "phone": "010-692-6593 x09125",
    "website": "anastasia.net",
    "company": {
      "name": "Deckow-Crist",
      "catchPhrase": "Proactive didactic contingency",
      "bs": "synergize scalable supply-chains"
    }
  },
  {
    "id": 3,
    "name": "Clementine Bauch",
    "username": "Samantha",
    "email": "Nathan@yesenia.net",
    "address": {
      "street": "Douglas Extension",
      "suite": "Suite 847",
      "city": "McKenziehaven",
      "zipcode": "59590-4157",
      "geo": {
        "lat": "-68.6102",
        "lng": "-47.0653"
      }
    },
    "phone": "1-463-123-4447",
    "website": "ramiro.info",
    "company": {
      "name": "Romaguera-Jacobson",
      "catchPhrase": "Face to face bifurcated interface",
      "bs": "e-enable strategic applications"
    }
  },
  {
    "id": 4,
    "name": "Patricia Lebsack",
    "username": "Karianne",
    "email": "Julianne.OConner@kory.org",
    "address": {
      "street": "Hoeger Mall",
      "suite": "Apt. 692",
      "city": "South Elvis",
      "zipcode": "53919-4257",
      "geo": {
        "lat": "29.4572",
        "lng": "-164.2990"
      }
    },
    "phone": "493-170-9623 x156",
    "website": "kale.biz",
    "company": {
      "name": "Robel-Corkery",
      "catchPhrase": "Multi-tiered zero tolerance productivity",
      "bs": "transition cutting-edge web services"
    }
  },
  {
    "id": 5,
    "name": "Chelsey Dietrich",
    "username": "Kamren",
    "email": "Lucio_Hettinger@annie.ca",
    "address": {
      "street": "Skiles Walks",
      "suite": "Suite 351",
      "city": "Roscoeview",
      "zipcode": "33263",
      "geo": {
        "lat": "-31.8129",
        "lng": "62.5342"
      }
    },
    "phone": "(254)954-1289",
    "website": "demarco.info",
    "company": {
      "name": "Keebler LLC",
      "catchPhrase": "User-centric fault-tolerant solution",
      "bs": "revolutionize end-to-end systems"
    }
  },
  {
    "id": 6,
    "name": "Mrs. Dennis Schulist",
    "username": "Leopoldo_Corkery",
    "email": "Karley_Dach@jasper.info",
    "address": {
      "street": "Norberto Crossing",
      "suite": "Apt. 950",
      "city": "South Christy",
      "zipcode": "23505-1337",
      "geo": {
        "lat": "-71.4197",
        "lng": "71.7478"
      }
    },
    "phone": "1-477-935-8478 x6430",
    "website": "ola.org",
    "company": {
      "name": "Considine-Lockman",
      "catchPhrase": "Synchronised bottom-line interface",
      "bs": "e-enable innovative applications"
    }
  },
  {
    "id": 7,
    "name": "Kurtis Weissnat",
    "username": "Elwyn.Skiles",
    "email": "Telly.Hoeger@billy.biz",
    "address": {
      "street": "Rex Trail",
      "suite": "Suite 280",
      "city": "Howemouth",
      "zipcode": "58804-1099",
      "geo": {
        "lat": "24.8918",
        "lng": "21.8984"
      }
    },
    "phone": "210.067.6132",
    "website": "elvis.io",
    "company": {
      "name": "Johns Group",
      "catchPhrase": "Configurable multimedia task-force",
      "bs": "generate enterprise e-tailers"
    }
  },
  {
    "id": 8,
    "name": "Nicholas Runolfsdottir V",
    "username": "Maxime_Nienow",
    "email": "Sherwood@rosamond.me",
    "address": {
      "street": "Ellsworth Summit",
      "suite": "Suite 729",
      "city": "Aliyaview",
      "zipcode": "45169",
      "geo": {
        "lat": "-14.3990",
        "lng": "-120.7677"
      }
    },
    "phone": "586.493.6943 x140",
    "website": "jacynthe.com",
    "company": {
      "name": "Abernathy Group",
      "catchPhrase": "Implemented secondary concept",
      "bs": "e-enable extensible e-tailers"
    }
  },
  {
    "id": 9,
    "name": "Glenna Reichert",
    "username": "Delphine",
    "email": "Chaim_McDermott@dana.io",
    "address": {
      "street": "Dayna Park",
      "suite": "Suite 449",
      "city": "Bartholomebury",
      "zipcode": "76495-3109",
      "geo": {
        "lat": "24.6463",
        "lng": "-168.8889"
      }
    },
    "phone": "(775)976-6794 x41206",
    "website": "conrad.com",
    "company": {
      "name": "Yost and Sons",
      "catchPhrase": "Switchable contextually-based project",
      "bs": "aggregate real-time technologies"
    }
  },
  {
    "id": 10,
    "name": "Clementina DuBuque",
    "username": "Moriah.Stanton",
    "email": "Rey.Padberg@karina.biz",
    "address": {
      "street": "Kattie Turnpike",
      "suite": "Suite 198",
      "city": "Lebsackbury",
      "zipcode": "31428-2261",
      "geo": {
        "lat": "-38.2386",
        "lng": "57.2232"
      }
    },
    "phone": "024-648-3804",
    "website": "ambrose.net",
    "company": {
      "name": "Hoeger LLC",
      "catchPhrase": "Centralized empowering task-force",
      "bs": "target end-to-end models"
    }
  }
]
01:59:23.045 [pool-1-thread-1] DEBUG com.intuit.karate - request:
2 > GET https://jsonplaceholder.typicode.com/users/1
2 > Host: jsonplaceholder.typicode.com
2 > Connection: Keep-Alive
2 > User-Agent: Apache-HttpClient/4.5.13 (Java/1.8.0_241)
2 > Accept-Encoding: gzip,deflate


01:59:23.177 [pool-1-thread-1] DEBUG com.intuit.karate - response time in milliseconds: 132
2 < 200
2 < Date: Thu, 16 Mar 2023 23:59:24 GMT
2 < Content-Type: application/json; charset=utf-8
2 < Transfer-Encoding: chunked
2 < Connection: keep-alive
2 < X-Powered-By: Express
2 < X-Ratelimit-Limit: 1000
2 < X-Ratelimit-Remaining: 997
2 < X-Ratelimit-Reset: 1679006822
2 < Vary: Origin, Accept-Encoding
2 < Access-Control-Allow-Credentials: true
2 < Cache-Control: max-age=43200
2 < Pragma: no-cache
2 < Expires: -1
2 < X-Content-Type-Options: nosniff
2 < Etag: W/"1fd-+2Y3G3w049iSZtw5t1mzSnunngE"
2 < Via: 1.1 vegur
2 < CF-Cache-Status: HIT
2 < Age: 4372
2 < Server-Timing: cf-q-config;dur=4.9999998736894e-06
2 < Report-To: {"endpoints":[{"url":"https:\/\/a.nel.cloudflare.com\/report\/v3?s=q88XBIL0DHlIFCsloVV3DPtEwhC9vcaOwxBkggdNLJXyugRMZ%2Bn1J3V273izwrelDF0qQhlwGQp2LBFOPsUOVpCEFvqMfBY%2B9WiBp3uUhkTXxzSDLP1oU%2Bp7PPn8jfPX7QkuXRs28%2BwybzlZftC0"}],"group":"cf-nel","max_age":604800}
2 < NEL: {"success_fraction":0,"report_to":"cf-nel","max_age":604800}
2 < Server: cloudflare
2 < CF-RAY: 7a90f32238abf716-JNB
2 < alt-svc: h3=":443"; ma=86400, h3-29=":443"; ma=86400
{
  "id": 1,
  "name": "Leanne Graham",
  "username": "Bret",
  "email": "Sincere@april.biz",
  "address": {
    "street": "Kulas Light",
    "suite": "Apt. 556",
    "city": "Gwenborough",
    "zipcode": "92998-3874",
    "geo": {
      "lat": "-37.3159",
      "lng": "81.1496"
    }
  },
  "phone": "1-770-736-8031 x56442",
  "website": "hildegard.org",
  "company": {
    "name": "Romaguera-Crona",
    "catchPhrase": "Multi-layered client-server neural-net",
    "bs": "harness real-time e-markets"
  }
}
01:59:23.523 [pool-1-thread-2] DEBUG com.intuit.karate - response time in milliseconds: 872
1 < 201
1 < Date: Thu, 16 Mar 2023 23:59:24 GMT
1 < Content-Type: application/json; charset=utf-8
1 < Content-Length: 216
1 < Connection: keep-alive
1 < X-Powered-By: Express
1 < X-Ratelimit-Limit: 1000
1 < X-Ratelimit-Remaining: 999
1 < X-Ratelimit-Reset: 1679011202
1 < Vary: Origin, X-HTTP-Method-Override, Accept-Encoding
1 < Access-Control-Allow-Credentials: true
1 < Cache-Control: no-cache
1 < Pragma: no-cache
1 < Expires: -1
1 < Access-Control-Expose-Headers: Location
1 < Location: http://jsonplaceholder.typicode.com/users/11
1 < X-Content-Type-Options: nosniff
1 < Etag: W/"d8-pYV7+YuMGP2hxHPU9ARrf97ifDA"
1 < Via: 1.1 vegur
1 < CF-Cache-Status: DYNAMIC
1 < Server-Timing: cf-q-config;dur=5.9999993027304e-06
1 < Report-To: {"endpoints":[{"url":"https:\/\/a.nel.cloudflare.com\/report\/v3?s=x0vKvZOZDKVkHmB%2BRrh0ba858ZgDJALljCgTBQPSCfDSPpkVvAZUcQrnTSZLL13ZBDvQJ1gw3nQtWDZyWqUAONNEmG3wTGFRMuL4r2OrSjIWTTmPz0yFORvApDvMTfcNAfF4gqXWFpnzEpkRoV2l"}],"group":"cf-nel","max_age":604800}
1 < NEL: {"success_fraction":0,"report_to":"cf-nel","max_age":604800}
1 < Server: cloudflare
1 < CF-RAY: 7a90f3212a8ef73e-JNB
1 < alt-svc: h3=":443"; ma=86400, h3-29=":443"; ma=86400
{
  "name": "Test User",
  "username": "testuser",
  "email": "test@user.com",
  "address": {
    "street": "Has No Name",
    "suite": "Apt. 123",
    "city": "Electri",
    "zipcode": "54321-6789"
  },
  "id": 11
}
01:59:23.531 [pool-1-thread-2] INFO  com.intuit.karate - [print] created id is:  11 
01:59:24.019 [pool-2-thread-1] INFO  com.intuit.karate.Suite - <<pass>> feature 1 of 1 (0 remaining) classpath:examples/users/users.feature
01:59:39.148 [main] DEBUG com.intuit.karate.Suite - [config] classpath:karate-config.js
01:59:39.153 [main] INFO  com.intuit.karate.Suite - backed up existing 'target\karate-reports' dir to: target\karate-reports_1679011179152
01:59:40.302 [pool-1-thread-2] INFO  com.intuit.karate - karate.env system property was: null 
01:59:40.302 [pool-1-thread-1] INFO  com.intuit.karate - karate.env system property was: null 
01:59:40.954 [pool-1-thread-1] DEBUG com.intuit.karate - request:
1 > GET https://jsonplaceholder.typicode.com/users
1 > Host: jsonplaceholder.typicode.com
1 > Connection: Keep-Alive
1 > User-Agent: Apache-HttpClient/4.5.13 (Java/1.8.0_241)
1 > Accept-Encoding: gzip,deflate


01:59:40.955 [pool-1-thread-2] DEBUG com.intuit.karate - request:
1 > POST https://jsonplaceholder.typicode.com/users
1 > Content-Type: application/json; charset=UTF-8
1 > Content-Length: 160
1 > Host: jsonplaceholder.typicode.com
1 > Connection: Keep-Alive
1 > User-Agent: Apache-HttpClient/4.5.13 (Java/1.8.0_241)
1 > Accept-Encoding: gzip,deflate
{"name":"Test User","username":"testuser","email":"test@user.com","address":{"street":"Has No Name","suite":"Apt. 123","city":"Electri","zipcode":"54321-6789"}}

01:59:41.408 [pool-1-thread-1] DEBUG com.intuit.karate - response time in milliseconds: 452
1 < 200
1 < Date: Thu, 16 Mar 2023 23:59:42 GMT
1 < Content-Type: application/json; charset=utf-8
1 < Transfer-Encoding: chunked
1 < Connection: keep-alive
1 < X-Powered-By: Express
1 < X-Ratelimit-Limit: 1000
1 < X-Ratelimit-Remaining: 999
1 < X-Ratelimit-Reset: 1679006822
1 < Vary: Origin, Accept-Encoding
1 < Access-Control-Allow-Credentials: true
1 < Cache-Control: max-age=43200
1 < Pragma: no-cache
1 < Expires: -1
1 < X-Content-Type-Options: nosniff
1 < Etag: W/"160d-1eMSsxeJRfnVLRBmYJSbCiJZ1qQ"
1 < Via: 1.1 vegur
1 < CF-Cache-Status: HIT
1 < Age: 4391
1 < Server-Timing: cf-q-config;dur=6.0000002122251e-06
1 < Report-To: {"endpoints":[{"url":"https:\/\/a.nel.cloudflare.com\/report\/v3?s=h0MYD6y5cY75r8x1I2a%2BL%2B1TjVqPRoYpLob6tAMNAW4S33uh2E1xPuUFsrblPYsh8Ap4xHk5yA3kEa%2FHOCEEfPuHg1gNOB2abrr25I2ZXJ2f9ZatiWX%2BWUyofEFpLVd1XalOBnYG0mQdMiEZQgX2"}],"group":"cf-nel","max_age":604800}
1 < NEL: {"success_fraction":0,"report_to":"cf-nel","max_age":604800}
1 < Server: cloudflare
1 < CF-RAY: 7a90f3940a5ff73a-JNB
1 < alt-svc: h3=":443"; ma=86400, h3-29=":443"; ma=86400
[
  {
    "id": 1,
    "name": "Leanne Graham",
    "username": "Bret",
    "email": "Sincere@april.biz",
    "address": {
      "street": "Kulas Light",
      "suite": "Apt. 556",
      "city": "Gwenborough",
      "zipcode": "92998-3874",
      "geo": {
        "lat": "-37.3159",
        "lng": "81.1496"
      }
    },
    "phone": "1-770-736-8031 x56442",
    "website": "hildegard.org",
    "company": {
      "name": "Romaguera-Crona",
      "catchPhrase": "Multi-layered client-server neural-net",
      "bs": "harness real-time e-markets"
    }
  },
  {
    "id": 2,
    "name": "Ervin Howell",
    "username": "Antonette",
    "email": "Shanna@melissa.tv",
    "address": {
      "street": "Victor Plains",
      "suite": "Suite 879",
      "city": "Wisokyburgh",
      "zipcode": "90566-7771",
      "geo": {
        "lat": "-43.9509",
        "lng": "-34.4618"
      }
    },
    "phone": "010-692-6593 x09125",
    "website": "anastasia.net",
    "company": {
      "name": "Deckow-Crist",
      "catchPhrase": "Proactive didactic contingency",
      "bs": "synergize scalable supply-chains"
    }
  },
  {
    "id": 3,
    "name": "Clementine Bauch",
    "username": "Samantha",
    "email": "Nathan@yesenia.net",
    "address": {
      "street": "Douglas Extension",
      "suite": "Suite 847",
      "city": "McKenziehaven",
      "zipcode": "59590-4157",
      "geo": {
        "lat": "-68.6102",
        "lng": "-47.0653"
      }
    },
    "phone": "1-463-123-4447",
    "website": "ramiro.info",
    "company": {
      "name": "Romaguera-Jacobson",
      "catchPhrase": "Face to face bifurcated interface",
      "bs": "e-enable strategic applications"
    }
  },
  {
    "id": 4,
    "name": "Patricia Lebsack",
    "username": "Karianne",
    "email": "Julianne.OConner@kory.org",
    "address": {
      "street": "Hoeger Mall",
      "suite": "Apt. 692",
      "city": "South Elvis",
      "zipcode": "53919-4257",
      "geo": {
        "lat": "29.4572",
        "lng": "-164.2990"
      }
    },
    "phone": "493-170-9623 x156",
    "website": "kale.biz",
    "company": {
      "name": "Robel-Corkery",
      "catchPhrase": "Multi-tiered zero tolerance productivity",
      "bs": "transition cutting-edge web services"
    }
  },
  {
    "id": 5,
    "name": "Chelsey Dietrich",
    "username": "Kamren",
    "email": "Lucio_Hettinger@annie.ca",
    "address": {
      "street": "Skiles Walks",
      "suite": "Suite 351",
      "city": "Roscoeview",
      "zipcode": "33263",
      "geo": {
        "lat": "-31.8129",
        "lng": "62.5342"
      }
    },
    "phone": "(254)954-1289",
    "website": "demarco.info",
    "company": {
      "name": "Keebler LLC",
      "catchPhrase": "User-centric fault-tolerant solution",
      "bs": "revolutionize end-to-end systems"
    }
  },
  {
    "id": 6,
    "name": "Mrs. Dennis Schulist",
    "username": "Leopoldo_Corkery",
    "email": "Karley_Dach@jasper.info",
    "address": {
      "street": "Norberto Crossing",
      "suite": "Apt. 950",
      "city": "South Christy",
      "zipcode": "23505-1337",
      "geo": {
        "lat": "-71.4197",
        "lng": "71.7478"
      }
    },
    "phone": "1-477-935-8478 x6430",
    "website": "ola.org",
    "company": {
      "name": "Considine-Lockman",
      "catchPhrase": "Synchronised bottom-line interface",
      "bs": "e-enable innovative applications"
    }
  },
  {
    "id": 7,
    "name": "Kurtis Weissnat",
    "username": "Elwyn.Skiles",
    "email": "Telly.Hoeger@billy.biz",
    "address": {
      "street": "Rex Trail",
      "suite": "Suite 280",
      "city": "Howemouth",
      "zipcode": "58804-1099",
      "geo": {
        "lat": "24.8918",
        "lng": "21.8984"
      }
    },
    "phone": "210.067.6132",
    "website": "elvis.io",
    "company": {
      "name": "Johns Group",
      "catchPhrase": "Configurable multimedia task-force",
      "bs": "generate enterprise e-tailers"
    }
  },
  {
    "id": 8,
    "name": "Nicholas Runolfsdottir V",
    "username": "Maxime_Nienow",
    "email": "Sherwood@rosamond.me",
    "address": {
      "street": "Ellsworth Summit",
      "suite": "Suite 729",
      "city": "Aliyaview",
      "zipcode": "45169",
      "geo": {
        "lat": "-14.3990",
        "lng": "-120.7677"
      }
    },
    "phone": "586.493.6943 x140",
    "website": "jacynthe.com",
    "company": {
      "name": "Abernathy Group",
      "catchPhrase": "Implemented secondary concept",
      "bs": "e-enable extensible e-tailers"
    }
  },
  {
    "id": 9,
    "name": "Glenna Reichert",
    "username": "Delphine",
    "email": "Chaim_McDermott@dana.io",
    "address": {
      "street": "Dayna Park",
      "suite": "Suite 449",
      "city": "Bartholomebury",
      "zipcode": "76495-3109",
      "geo": {
        "lat": "24.6463",
        "lng": "-168.8889"
      }
    },
    "phone": "(775)976-6794 x41206",
    "website": "conrad.com",
    "company": {
      "name": "Yost and Sons",
      "catchPhrase": "Switchable contextually-based project",
      "bs": "aggregate real-time technologies"
    }
  },
  {
    "id": 10,
    "name": "Clementina DuBuque",
    "username": "Moriah.Stanton",
    "email": "Rey.Padberg@karina.biz",
    "address": {
      "street": "Kattie Turnpike",
      "suite": "Suite 198",
      "city": "Lebsackbury",
      "zipcode": "31428-2261",
      "geo": {
        "lat": "-38.2386",
        "lng": "57.2232"
      }
    },
    "phone": "024-648-3804",
    "website": "ambrose.net",
    "company": {
      "name": "Hoeger LLC",
      "catchPhrase": "Centralized empowering task-force",
      "bs": "target end-to-end models"
    }
  }
]
01:59:41.427 [pool-1-thread-1] DEBUG com.intuit.karate - request:
2 > GET https://jsonplaceholder.typicode.com/users/1
2 > Host: jsonplaceholder.typicode.com
2 > Connection: Keep-Alive
2 > User-Agent: Apache-HttpClient/4.5.13 (Java/1.8.0_241)
2 > Accept-Encoding: gzip,deflate


01:59:41.544 [pool-1-thread-1] DEBUG com.intuit.karate - response time in milliseconds: 117
2 < 200
2 < Date: Thu, 16 Mar 2023 23:59:42 GMT
2 < Content-Type: application/json; charset=utf-8
2 < Transfer-Encoding: chunked
2 < Connection: keep-alive
2 < X-Powered-By: Express
2 < X-Ratelimit-Limit: 1000
2 < X-Ratelimit-Remaining: 997
2 < X-Ratelimit-Reset: 1679006822
2 < Vary: Origin, Accept-Encoding
2 < Access-Control-Allow-Credentials: true
2 < Cache-Control: max-age=43200
2 < Pragma: no-cache
2 < Expires: -1
2 < X-Content-Type-Options: nosniff
2 < Etag: W/"1fd-+2Y3G3w049iSZtw5t1mzSnunngE"
2 < Via: 1.1 vegur
2 < CF-Cache-Status: HIT
2 < Age: 4390
2 < Server-Timing: cf-q-config;dur=4.9999998736894e-06
2 < Report-To: {"endpoints":[{"url":"https:\/\/a.nel.cloudflare.com\/report\/v3?s=W1a29WBVTxr0RSgQLFgyP0vdyZ%2BW2ss8nJ5bhjpJ5sS4KgJE5zeSQkWKsZasMG7HtoBnqKBr%2BBNhwShi8eWoE4s3TuLcCJTqzNPb0%2F7pddnsLagCd7YHY8SE8lkVhkAtxozzygVObfLXod1qYcdf"}],"group":"cf-nel","max_age":604800}
2 < NEL: {"success_fraction":0,"report_to":"cf-nel","max_age":604800}
2 < Server: cloudflare
2 < CF-RAY: 7a90f3950aa7f73a-JNB
2 < alt-svc: h3=":443"; ma=86400, h3-29=":443"; ma=86400
{
  "id": 1,
  "name": "Leanne Graham",
  "username": "Bret",
  "email": "Sincere@april.biz",
  "address": {
    "street": "Kulas Light",
    "suite": "Apt. 556",
    "city": "Gwenborough",
    "zipcode": "92998-3874",
    "geo": {
      "lat": "-37.3159",
      "lng": "81.1496"
    }
  },
  "phone": "1-770-736-8031 x56442",
  "website": "hildegard.org",
  "company": {
    "name": "Romaguera-Crona",
    "catchPhrase": "Multi-layered client-server neural-net",
    "bs": "harness real-time e-markets"
  }
}
01:59:42.058 [pool-1-thread-2] DEBUG com.intuit.karate - response time in milliseconds: 1103
1 < 201
1 < Date: Thu, 16 Mar 2023 23:59:43 GMT
1 < Content-Type: application/json; charset=utf-8
1 < Content-Length: 216
1 < Connection: keep-alive
1 < X-Powered-By: Express
1 < X-Ratelimit-Limit: 1000
1 < X-Ratelimit-Remaining: 998
1 < X-Ratelimit-Reset: 1679011202
1 < Vary: Origin, X-HTTP-Method-Override, Accept-Encoding
1 < Access-Control-Allow-Credentials: true
1 < Cache-Control: no-cache
1 < Pragma: no-cache
1 < Expires: -1
1 < Access-Control-Expose-Headers: Location
1 < Location: http://jsonplaceholder.typicode.com/users/11
1 < X-Content-Type-Options: nosniff
1 < Etag: W/"d8-pYV7+YuMGP2hxHPU9ARrf97ifDA"
1 < Via: 1.1 vegur
1 < CF-Cache-Status: DYNAMIC
1 < Server-Timing: cf-q-config;dur=3.9999995351536e-06
1 < Report-To: {"endpoints":[{"url":"https:\/\/a.nel.cloudflare.com\/report\/v3?s=6ccS67QWKcnd0Tl8rjcYX8It8VdE15GH8w7pK3J9GdUsfScMw4tpeo0m%2B%2BKGwmh1OECXq9WZw4kpD0tvJV999O4vcdu7UruWrIGk7kpj92SkeMziwIrKmh%2BenTDwHlMmbUlNMiwBkA3a3tMJWsqs"}],"group":"cf-nel","max_age":604800}
1 < NEL: {"success_fraction":0,"report_to":"cf-nel","max_age":604800}
1 < Server: cloudflare
1 < CF-RAY: 7a90f394087bf72a-JNB
1 < alt-svc: h3=":443"; ma=86400, h3-29=":443"; ma=86400
{
  "name": "Test User",
  "username": "testuser",
  "email": "test@user.com",
  "address": {
    "street": "Has No Name",
    "suite": "Apt. 123",
    "city": "Electri",
    "zipcode": "54321-6789"
  },
  "id": 11
}
01:59:42.063 [pool-1-thread-2] INFO  com.intuit.karate - [print] created id is:  11 
01:59:42.641 [pool-2-thread-1] INFO  com.intuit.karate.Suite - <<pass>> feature 1 of 1 (0 remaining) classpath:examples/users/users.feature
02:22:44.078 [main] DEBUG com.intuit.karate.Suite - [config] classpath:karate-config.js
02:22:45.242 [main] INFO  com.intuit.karate - karate.env system property was: null 
02:22:45.906 [main] DEBUG com.intuit.karate - request:
1 > GET https://api.thedogapi.com/v1/favourites/70443
1 > x-api-key: live_MZuFF20RpOAJWlFt5JIzSvxBEl2V67khyaEE6EhPeSCEmcypCk1LoOjtBI5WD7UD
1 > ProjectID: 0f9db06d-b7e7-4c6f-bcfc-7c1788c668e7
1 > 'Content-Type': application/json
1 > Host: api.thedogapi.com
1 > Connection: Keep-Alive
1 > User-Agent: Apache-HttpClient/4.5.13 (Java/1.8.0_241)
1 > Accept-Encoding: gzip,deflate


02:22:47.978 [main] DEBUG com.intuit.karate - response time in milliseconds: 1970
1 < 200
1 < x-dns-prefetch-control: off
1 < x-frame-options: SAMEORIGIN
1 < strict-transport-security: max-age=15552000; includeSubDomains
1 < x-download-options: noopen
1 < x-content-type-options: nosniff
1 < x-xss-protection: 1; mode=block
1 < vary: Origin
1 < retry-after-seconds: 60
1 < ratelimit-limit: 120
1 < ratelimit-remaining: 119
1 < ratelimit-consumed: 1
1 < ratelimit-reset: 2023-03-17T00:23:48.938Z
1 < content-type: application/json; charset=utf-8
1 < x-response-time: 234ms
1 < X-Cloud-Trace-Context: 378a55b7376cd028b57ceb847d5fae91
1 < Date: Fri, 17 Mar 2023 00:22:49 GMT
1 < Server: Google Frontend
1 < Content-Length: 128
{"id":70443,"user_id":"1qwfju","image_id":"9reeeeee","sub_id":"my-user-1234","created_at":"2023-03-14T20:26:27.000Z","image":{}}
02:22:48.034 [main] INFO  com.intuit.karate - Response: {
  "id": 70443,
  "user_id": "1qwfju",
  "image_id": "9reeeeee",
  "sub_id": "my-user-1234",
  "created_at": "2023-03-14T20:26:27.000Z",
  "image": {
  }
}
 
02:22:48.036 [main] INFO  com.intuit.karate - [print] {
  "id": 70443,
  "user_id": "1qwfju",
  "image_id": "9reeeeee",
  "sub_id": "my-user-1234",
  "created_at": "2023-03-14T20:26:27.000Z",
  "image": {
  }
}
 
02:23:29.484 [main] DEBUG com.intuit.karate.Suite - [config] classpath:karate-config.js
02:23:29.488 [main] INFO  com.intuit.karate.Suite - backed up existing 'target\karate-reports' dir to: target\karate-reports_1679012609487
02:23:30.626 [pool-1-thread-1] INFO  com.intuit.karate - karate.env system property was: null 
02:23:31.235 [pool-1-thread-1] DEBUG com.intuit.karate - request:
1 > GET https://api.thedogapi.com/v1/favourites/70443
1 > x-api-key: live_MZuFF20RpOAJWlFt5JIzSvxBEl2V67khyaEE6EhPeSCEmcypCk1LoOjtBI5WD7UD
1 > ProjectID: 0f9db06d-b7e7-4c6f-bcfc-7c1788c668e7
1 > 'Content-Type': application/json
1 > Host: api.thedogapi.com
1 > Connection: Keep-Alive
1 > User-Agent: Apache-HttpClient/4.5.13 (Java/1.8.0_241)
1 > Accept-Encoding: gzip,deflate


02:23:32.789 [pool-1-thread-1] DEBUG com.intuit.karate - response time in milliseconds: 1551
1 < 200
1 < x-dns-prefetch-control: off
1 < x-frame-options: SAMEORIGIN
1 < strict-transport-security: max-age=15552000; includeSubDomains
1 < x-download-options: noopen
1 < x-content-type-options: nosniff
1 < x-xss-protection: 1; mode=block
1 < vary: Origin
1 < retry-after-seconds: 15.288
1 < ratelimit-limit: 120
1 < ratelimit-remaining: 118
1 < ratelimit-consumed: 2
1 < ratelimit-reset: 2023-03-17T00:23:48.938Z
1 < content-type: application/json; charset=utf-8
1 < x-response-time: 193ms
1 < X-Cloud-Trace-Context: 4475b7e8334a6b3cb5b7d8289c4c23cb
1 < Date: Fri, 17 Mar 2023 00:23:33 GMT
1 < Server: Google Frontend
1 < Content-Length: 128
{"id":70443,"user_id":"1qwfju","image_id":"9reeeeee","sub_id":"my-user-1234","created_at":"2023-03-14T20:26:27.000Z","image":{}}
02:23:32.929 [pool-1-thread-1] INFO  com.intuit.karate - Response: {
  "id": 70443,
  "user_id": "1qwfju",
  "image_id": "9reeeeee",
  "sub_id": "my-user-1234",
  "created_at": "2023-03-14T20:26:27.000Z",
  "image": {
  }
}
 
02:23:32.931 [pool-1-thread-1] INFO  com.intuit.karate - [print] {
  "id": 70443,
  "user_id": "1qwfju",
  "image_id": "9reeeeee",
  "sub_id": "my-user-1234",
  "created_at": "2023-03-14T20:26:27.000Z",
  "image": {
  }
}
 
02:23:33.464 [pool-2-thread-1] INFO  com.intuit.karate.Suite - <<pass>> feature 1 of 1 (0 remaining) classpath:favourites/favs/favs.feature
02:32:51.225 [main] DEBUG com.intuit.karate.Suite - [config] classpath:karate-config.js
02:32:52.417 [main] INFO  com.intuit.karate - karate.env system property was: null 
02:32:53.073 [main] DEBUG com.intuit.karate - request:
1 > GET https://api.thedogapi.com/v1/favourites/70443
1 > x-api-key: live_MZuFF20RpOAJWlFt5JIzSvxBEl2V67khyaEE6EhPeSCEmcypCk1LoOjtBI5WD7UD
1 > 'Content-Type': application/json
1 > Host: api.thedogapi.com
1 > Connection: Keep-Alive
1 > User-Agent: Apache-HttpClient/4.5.13 (Java/1.8.0_241)
1 > Accept-Encoding: gzip,deflate


02:32:54.714 [main] DEBUG com.intuit.karate - response time in milliseconds: 1638
1 < 200
1 < x-dns-prefetch-control: off
1 < x-frame-options: SAMEORIGIN
1 < strict-transport-security: max-age=15552000; includeSubDomains
1 < x-download-options: noopen
1 < x-content-type-options: nosniff
1 < x-xss-protection: 1; mode=block
1 < vary: Origin
1 < retry-after-seconds: 60
1 < ratelimit-limit: 120
1 < ratelimit-remaining: 119
1 < ratelimit-consumed: 1
1 < ratelimit-reset: 2023-03-17T00:33:55.746Z
1 < content-type: application/json; charset=utf-8
1 < x-response-time: 193ms
1 < X-Cloud-Trace-Context: 01cae473000acf47c0d87b13749c4cac
1 < Date: Fri, 17 Mar 2023 00:32:55 GMT
1 < Server: Google Frontend
1 < Content-Length: 128
{"id":70443,"user_id":"1qwfju","image_id":"9reeeeee","sub_id":"my-user-1234","created_at":"2023-03-14T20:26:27.000Z","image":{}}
02:32:54.767 [main] INFO  com.intuit.karate - Response: {
  "id": 70443,
  "user_id": "1qwfju",
  "image_id": "9reeeeee",
  "sub_id": "my-user-1234",
  "created_at": "2023-03-14T20:26:27.000Z",
  "image": {
  }
}
 
02:32:54.769 [main] INFO  com.intuit.karate - [print] {
  "id": 70443,
  "user_id": "1qwfju",
  "image_id": "9reeeeee",
  "sub_id": "my-user-1234",
  "created_at": "2023-03-14T20:26:27.000Z",
  "image": {
  }
}
 
02:32:54.785 [main] INFO  com.intuit.karate - karate.env system property was: null 
02:32:54.831 [main] DEBUG com.intuit.karate - request:
1 > POST https://api.thedogapi.com/v1/favourites
1 > x-api-key: live_MZuFF20RpOAJWlFt5JIzSvxBEl2V67khyaEE6EhPeSCEmcypCk1LoOjtBI5WD7UD
1 > 'Content-Type': application/json
1 > Content-Type: application/json; charset=UTF-8
1 > Content-Length: 23
1 > Host: api.thedogapi.com
1 > Connection: Keep-Alive
1 > User-Agent: Apache-HttpClient/4.5.13 (Java/1.8.0_241)
1 > Accept-Encoding: gzip,deflate
{"image_id":"12g3fg45"}

02:32:55.954 [main] DEBUG com.intuit.karate - response time in milliseconds: 1123
1 < 200
1 < x-dns-prefetch-control: off
1 < x-frame-options: SAMEORIGIN
1 < strict-transport-security: max-age=15552000; includeSubDomains
1 < x-download-options: noopen
1 < x-content-type-options: nosniff
1 < x-xss-protection: 1; mode=block
1 < vary: Origin
1 < retry-after-seconds: 58.786
1 < ratelimit-limit: 120
1 < ratelimit-remaining: 118
1 < ratelimit-consumed: 2
1 < ratelimit-reset: 2023-03-17T00:33:55.745Z
1 < content-type: application/json; charset=utf-8
1 < x-response-time: 201ms
1 < X-Cloud-Trace-Context: a2b6f448a28509d75e112cc05a356915
1 < Date: Fri, 17 Mar 2023 00:32:57 GMT
1 < Server: Google Frontend
1 < Content-Length: 32
{"message":"SUCCESS","id":71099}
02:32:55.963 [main] INFO  com.intuit.karate - Response: {
  "message": "SUCCESS",
  "id": 71099
}
 
02:32:55.968 [main] INFO  com.intuit.karate - created dog saved! 
02:33:54.482 [main] DEBUG com.intuit.karate.Suite - [config] classpath:karate-config.js
02:33:55.684 [main] INFO  com.intuit.karate - karate.env system property was: null 
02:33:56.364 [main] DEBUG com.intuit.karate - request:
1 > GET https://api.thedogapi.com/v1/favourites/70443
1 > x-api-key: live_MZuFF20RpOAJWlFt5JIzSvxBEl2V67khyaEE6EhPeSCEmcypCk1LoOjtBI5WD7UD
1 > 'Content-Type': application/json
1 > Host: api.thedogapi.com
1 > Connection: Keep-Alive
1 > User-Agent: Apache-HttpClient/4.5.13 (Java/1.8.0_241)
1 > Accept-Encoding: gzip,deflate


02:33:57.729 [main] DEBUG com.intuit.karate - response time in milliseconds: 1362
1 < 200
1 < x-dns-prefetch-control: off
1 < x-frame-options: SAMEORIGIN
1 < strict-transport-security: max-age=15552000; includeSubDomains
1 < x-download-options: noopen
1 < x-content-type-options: nosniff
1 < x-xss-protection: 1; mode=block
1 < vary: Origin
1 < retry-after-seconds: 60
1 < ratelimit-limit: 120
1 < ratelimit-remaining: 119
1 < ratelimit-consumed: 1
1 < ratelimit-reset: 2023-03-17T00:34:58.794Z
1 < content-type: application/json; charset=utf-8
1 < x-response-time: 191ms
1 < X-Cloud-Trace-Context: e3054ac8f0934bc01a545f33b2b28dd8
1 < Date: Fri, 17 Mar 2023 00:33:58 GMT
1 < Server: Google Frontend
1 < Content-Length: 128
{"id":70443,"user_id":"1qwfju","image_id":"9reeeeee","sub_id":"my-user-1234","created_at":"2023-03-14T20:26:27.000Z","image":{}}
02:33:57.790 [main] INFO  com.intuit.karate - Response: {
  "id": 70443,
  "user_id": "1qwfju",
  "image_id": "9reeeeee",
  "sub_id": "my-user-1234",
  "created_at": "2023-03-14T20:26:27.000Z",
  "image": {
  }
}
 
02:33:57.792 [main] INFO  com.intuit.karate - [print] {
  "id": 70443,
  "user_id": "1qwfju",
  "image_id": "9reeeeee",
  "sub_id": "my-user-1234",
  "created_at": "2023-03-14T20:26:27.000Z",
  "image": {
  }
}
 
02:33:57.808 [main] INFO  com.intuit.karate - karate.env system property was: null 
02:33:57.848 [main] DEBUG com.intuit.karate - request:
1 > POST https://api.thedogapi.com/v1/favourites
1 > x-api-key: live_MZuFF20RpOAJWlFt5JIzSvxBEl2V67khyaEE6EhPeSCEmcypCk1LoOjtBI5WD7UD
1 > 'Content-Type': application/json
1 > Content-Type: application/json; charset=UTF-8
1 > Content-Length: 23
1 > Host: api.thedogapi.com
1 > Connection: Keep-Alive
1 > User-Agent: Apache-HttpClient/4.5.13 (Java/1.8.0_241)
1 > Accept-Encoding: gzip,deflate
{"image_id":"12g3fg45"}

02:33:58.723 [main] DEBUG com.intuit.karate - response time in milliseconds: 875
1 < 200
1 < x-dns-prefetch-control: off
1 < x-frame-options: SAMEORIGIN
1 < strict-transport-security: max-age=15552000; includeSubDomains
1 < x-download-options: noopen
1 < x-content-type-options: nosniff
1 < x-xss-protection: 1; mode=block
1 < vary: Origin
1 < retry-after-seconds: 59.078
1 < ratelimit-limit: 120
1 < ratelimit-remaining: 118
1 < ratelimit-consumed: 2
1 < ratelimit-reset: 2023-03-17T00:34:58.794Z
1 < content-type: application/json; charset=utf-8
1 < x-response-time: 205ms
1 < X-Cloud-Trace-Context: dde2f63183130aee6a472982b61699e2
1 < Date: Fri, 17 Mar 2023 00:33:59 GMT
1 < Server: Google Frontend
1 < Content-Length: 32
{"message":"SUCCESS","id":71100}
02:33:58.731 [main] INFO  com.intuit.karate - Response: {
  "message": "SUCCESS",
  "id": 71100
}
 
02:33:58.735 [main] INFO  com.intuit.karate - created dog saved! 
02:34:22.688 [main] DEBUG com.intuit.karate.Suite - [config] classpath:karate-config.js
02:34:23.935 [main] INFO  com.intuit.karate - karate.env system property was: null 
02:34:24.575 [main] DEBUG com.intuit.karate - request:
1 > GET https://api.thedogapi.com/v1/favourites/70443
1 > x-api-key: live_MZuFF20RpOAJWlFt5JIzSvxBEl2V67khyaEE6EhPeSCEmcypCk1LoOjtBI5WD7UD
1 > 'Content-Type': application/json
1 > Host: api.thedogapi.com
1 > Connection: Keep-Alive
1 > User-Agent: Apache-HttpClient/4.5.13 (Java/1.8.0_241)
1 > Accept-Encoding: gzip,deflate


02:34:26.188 [main] DEBUG com.intuit.karate - response time in milliseconds: 1611
1 < 200
1 < x-dns-prefetch-control: off
1 < x-frame-options: SAMEORIGIN
1 < strict-transport-security: max-age=15552000; includeSubDomains
1 < x-download-options: noopen
1 < x-content-type-options: nosniff
1 < x-xss-protection: 1; mode=block
1 < vary: Origin
1 < retry-after-seconds: 31.696
1 < ratelimit-limit: 120
1 < ratelimit-remaining: 117
1 < ratelimit-consumed: 3
1 < ratelimit-reset: 2023-03-17T00:34:58.794Z
1 < content-type: application/json; charset=utf-8
1 < x-response-time: 219ms
1 < X-Cloud-Trace-Context: c80788a21f8cf52b01ea46ba94fc2d18
1 < Date: Fri, 17 Mar 2023 00:34:27 GMT
1 < Server: Google Frontend
1 < Content-Length: 128
{"id":70443,"user_id":"1qwfju","image_id":"9reeeeee","sub_id":"my-user-1234","created_at":"2023-03-14T20:26:27.000Z","image":{}}
02:34:26.244 [main] INFO  com.intuit.karate - Response: {
  "id": 70443,
  "user_id": "1qwfju",
  "image_id": "9reeeeee",
  "sub_id": "my-user-1234",
  "created_at": "2023-03-14T20:26:27.000Z",
  "image": {
  }
}
 
02:34:26.247 [main] INFO  com.intuit.karate - [print] {
  "id": 70443,
  "user_id": "1qwfju",
  "image_id": "9reeeeee",
  "sub_id": "my-user-1234",
  "created_at": "2023-03-14T20:26:27.000Z",
  "image": {
  }
}
 
02:34:26.263 [main] INFO  com.intuit.karate - karate.env system property was: null 
02:34:26.303 [main] DEBUG com.intuit.karate - request:
1 > POST https://api.thedogapi.com/v1/favourites
1 > x-api-key: live_MZuFF20RpOAJWlFt5JIzSvxBEl2V67khyaEE6EhPeSCEmcypCk1LoOjtBI5WD7UD
1 > 'Content-Type': application/json
1 > Content-Type: application/json; charset=UTF-8
1 > Content-Length: 23
1 > Host: api.thedogapi.com
1 > Connection: Keep-Alive
1 > User-Agent: Apache-HttpClient/4.5.13 (Java/1.8.0_241)
1 > Accept-Encoding: gzip,deflate
{"image_id":"12g3fg45"}

02:34:27.880 [main] DEBUG com.intuit.karate - response time in milliseconds: 1576
1 < 200
1 < x-dns-prefetch-control: off
1 < x-frame-options: SAMEORIGIN
1 < strict-transport-security: max-age=15552000; includeSubDomains
1 < x-download-options: noopen
1 < x-content-type-options: nosniff
1 < x-xss-protection: 1; mode=block
1 < vary: Origin
1 < retry-after-seconds: 30.189
1 < ratelimit-limit: 120
1 < ratelimit-remaining: 116
1 < ratelimit-consumed: 4
1 < ratelimit-reset: 2023-03-17T00:34:58.794Z
1 < content-type: application/json; charset=utf-8
1 < x-response-time: 255ms
1 < X-Cloud-Trace-Context: de78564624ce22634d7eea3827471c62
1 < Date: Fri, 17 Mar 2023 00:34:28 GMT
1 < Server: Google Frontend
1 < Content-Length: 32
{"message":"SUCCESS","id":71101}
02:34:27.883 [main] INFO  com.intuit.karate - Response: {
  "message": "SUCCESS",
  "id": 71101
}
 
02:34:27.885 [main] INFO  com.intuit.karate - created dog saved! 
02:41:12.225 [main] DEBUG com.intuit.karate.Suite - [config] classpath:karate-config.js
02:41:13.481 [main] INFO  com.intuit.karate - karate.env system property was: null 
02:41:14.164 [main] DEBUG com.intuit.karate - request:
1 > GET https://api.thedogapi.com/v1/favourites/70443
1 > x-api-key: live_MZuFF20RpOAJWlFt5JIzSvxBEl2V67khyaEE6EhPeSCEmcypCk1LoOjtBI5WD7UD
1 > 'Content-Type': application/json
1 > Host: api.thedogapi.com
1 > Connection: Keep-Alive
1 > User-Agent: Apache-HttpClient/4.5.13 (Java/1.8.0_241)
1 > Accept-Encoding: gzip,deflate


02:41:15.885 [main] DEBUG com.intuit.karate - response time in milliseconds: 1718
1 < 200
1 < x-dns-prefetch-control: off
1 < x-frame-options: SAMEORIGIN
1 < strict-transport-security: max-age=15552000; includeSubDomains
1 < x-download-options: noopen
1 < x-content-type-options: nosniff
1 < x-xss-protection: 1; mode=block
1 < vary: Origin
1 < retry-after-seconds: 60
1 < ratelimit-limit: 120
1 < ratelimit-remaining: 119
1 < ratelimit-consumed: 1
1 < ratelimit-reset: 2023-03-17T00:42:16.797Z
1 < content-type: application/json; charset=utf-8
1 < x-response-time: 219ms
1 < X-Cloud-Trace-Context: 8b001849167304ef4ae9c9343e6a0f1d
1 < Date: Fri, 17 Mar 2023 00:41:16 GMT
1 < Server: Google Frontend
1 < Content-Length: 128
{"id":70443,"user_id":"1qwfju","image_id":"9reeeeee","sub_id":"my-user-1234","created_at":"2023-03-14T20:26:27.000Z","image":{}}
02:41:15.940 [main] INFO  com.intuit.karate - Response: {
  "id": 70443,
  "user_id": "1qwfju",
  "image_id": "9reeeeee",
  "sub_id": "my-user-1234",
  "created_at": "2023-03-14T20:26:27.000Z",
  "image": {
  }
}
 
02:41:15.942 [main] INFO  com.intuit.karate - [print] {
  "id": 70443,
  "user_id": "1qwfju",
  "image_id": "9reeeeee",
  "sub_id": "my-user-1234",
  "created_at": "2023-03-14T20:26:27.000Z",
  "image": {
  }
}
 
02:41:15.957 [main] INFO  com.intuit.karate - karate.env system property was: null 
02:41:15.993 [main] DEBUG com.intuit.karate - request:
1 > POST https://api.thedogapi.com/v1/favourites
1 > x-api-key: live_MZuFF20RpOAJWlFt5JIzSvxBEl2V67khyaEE6EhPeSCEmcypCk1LoOjtBI5WD7UD
1 > 'Content-Type': application/json
1 > Content-Type: application/json; charset=UTF-8
1 > Content-Length: 23
1 > Host: api.thedogapi.com
1 > Connection: Keep-Alive
1 > User-Agent: Apache-HttpClient/4.5.13 (Java/1.8.0_241)
1 > Accept-Encoding: gzip,deflate
{"image_id":"12g3fg45"}

02:41:17.205 [main] DEBUG com.intuit.karate - response time in milliseconds: 1211
1 < 200
1 < x-dns-prefetch-control: off
1 < x-frame-options: SAMEORIGIN
1 < strict-transport-security: max-age=15552000; includeSubDomains
1 < x-download-options: noopen
1 < x-content-type-options: nosniff
1 < x-xss-protection: 1; mode=block
1 < vary: Origin
1 < retry-after-seconds: 58.475
1 < ratelimit-limit: 120
1 < ratelimit-remaining: 118
1 < ratelimit-consumed: 2
1 < ratelimit-reset: 2023-03-17T00:42:16.797Z
1 < content-type: application/json; charset=utf-8
1 < x-response-time: 203ms
1 < X-Cloud-Trace-Context: b23d9f81684febd5191828d6388706a4
1 < Date: Fri, 17 Mar 2023 00:41:18 GMT
1 < Server: Google Frontend
1 < Content-Length: 32
{"message":"SUCCESS","id":71102}
02:41:17.211 [main] INFO  com.intuit.karate - Response: {
  "message": "SUCCESS",
  "id": 71102
}
 
02:41:17.215 [main] INFO  com.intuit.karate - created dog saved! 
02:46:58.447 [main] DEBUG com.intuit.karate.Suite - [config] classpath:karate-config.js
02:46:59.685 [main] INFO  com.intuit.karate - karate.env system property was: null 
02:47:00.375 [main] DEBUG com.intuit.karate - request:
1 > GET https://api.thedogapi.com/v1/favourites/70443
1 > x-api-key: live_MZuFF20RpOAJWlFt5JIzSvxBEl2V67khyaEE6EhPeSCEmcypCk1LoOjtBI5WD7UD
1 > 'Content-Type': application/json
1 > Host: api.thedogapi.com
1 > Connection: Keep-Alive
1 > User-Agent: Apache-HttpClient/4.5.13 (Java/1.8.0_241)
1 > Accept-Encoding: gzip,deflate


02:47:01.901 [main] DEBUG com.intuit.karate - response time in milliseconds: 1523
1 < 200
1 < x-dns-prefetch-control: off
1 < x-frame-options: SAMEORIGIN
1 < strict-transport-security: max-age=15552000; includeSubDomains
1 < x-download-options: noopen
1 < x-content-type-options: nosniff
1 < x-xss-protection: 1; mode=block
1 < vary: Origin
1 < retry-after-seconds: 60
1 < ratelimit-limit: 120
1 < ratelimit-remaining: 119
1 < ratelimit-consumed: 1
1 < ratelimit-reset: 2023-03-17T00:48:03.014Z
1 < content-type: application/json; charset=utf-8
1 < x-response-time: 190ms
1 < X-Cloud-Trace-Context: 689151f6a016ee17281516df1b0ec998;o=1
1 < Date: Fri, 17 Mar 2023 00:47:03 GMT
1 < Server: Google Frontend
1 < Content-Length: 128
{"id":70443,"user_id":"1qwfju","image_id":"9reeeeee","sub_id":"my-user-1234","created_at":"2023-03-14T20:26:27.000Z","image":{}}
02:47:01.965 [main] INFO  com.intuit.karate - Response: {
  "id": 70443,
  "user_id": "1qwfju",
  "image_id": "9reeeeee",
  "sub_id": "my-user-1234",
  "created_at": "2023-03-14T20:26:27.000Z",
  "image": {
  }
}
 
02:47:01.966 [main] INFO  com.intuit.karate - [print] {
  "id": 70443,
  "user_id": "1qwfju",
  "image_id": "9reeeeee",
  "sub_id": "my-user-1234",
  "created_at": "2023-03-14T20:26:27.000Z",
  "image": {
  }
}
 
02:47:01.980 [main] INFO  com.intuit.karate - karate.env system property was: null 
02:47:02.024 [main] DEBUG com.intuit.karate - request:
1 > POST https://api.thedogapi.com/v1/favourites
1 > x-api-key: live_MZuFF20RpOAJWlFt5JIzSvxBEl2V67khyaEE6EhPeSCEmcypCk1LoOjtBI5WD7UD
1 > 'Content-Type': application/json
1 > Content-Type: application/json; charset=UTF-8
1 > Content-Length: 23
1 > Host: api.thedogapi.com
1 > Connection: Keep-Alive
1 > User-Agent: Apache-HttpClient/4.5.13 (Java/1.8.0_241)
1 > Accept-Encoding: gzip,deflate
{"image_id":"12g3fg45"}

02:47:03.199 [main] DEBUG com.intuit.karate - response time in milliseconds: 1174
1 < 200
1 < x-dns-prefetch-control: off
1 < x-frame-options: SAMEORIGIN
1 < strict-transport-security: max-age=15552000; includeSubDomains
1 < x-download-options: noopen
1 < x-content-type-options: nosniff
1 < x-xss-protection: 1; mode=block
1 < vary: Origin
1 < retry-after-seconds: 58.766
1 < ratelimit-limit: 120
1 < ratelimit-remaining: 118
1 < ratelimit-consumed: 2
1 < ratelimit-reset: 2023-03-17T00:48:03.014Z
1 < content-type: application/json; charset=utf-8
1 < x-response-time: 206ms
1 < X-Cloud-Trace-Context: 889af7111566e1612f18472216381eeb
1 < Date: Fri, 17 Mar 2023 00:47:04 GMT
1 < Server: Google Frontend
1 < Content-Length: 32
{"message":"SUCCESS","id":71103}
02:47:03.209 [main] INFO  com.intuit.karate - Response: {
  "message": "SUCCESS",
  "id": 71103
}
 
02:47:03.212 [main] INFO  com.intuit.karate - created dog saved! 
02:47:03.223 [main] INFO  com.intuit.karate - karate.env system property was: null 
02:47:03.228 [main] DEBUG com.intuit.karate - request:
1 > DELETE https://api.thedogapi.com/v1/favourites/70379
1 > x-api-key: live_MZuFF20RpOAJWlFt5JIzSvxBEl2V67khyaEE6EhPeSCEmcypCk1LoOjtBI5WD7UD
1 > 'Content-Type': application/json
1 > Host: api.thedogapi.com
1 > Connection: Keep-Alive
1 > User-Agent: Apache-HttpClient/4.5.13 (Java/1.8.0_241)
1 > Accept-Encoding: gzip,deflate


02:47:04.325 [main] DEBUG com.intuit.karate - response time in milliseconds: 1097
1 < 400
1 < content-type: text/plain; charset=utf-8
1 < X-Cloud-Trace-Context: 346faeeed8ed38c5f40004415482cd39
1 < Date: Fri, 17 Mar 2023 00:47:05 GMT
1 < Server: Google Frontend
1 < Content-Length: 15
INVALID_ACCOUNT
02:47:04.330 [main] INFO  com.intuit.karate - Response: INVALID_ACCOUNT 
02:47:31.052 [main] DEBUG com.intuit.karate.Suite - [config] classpath:karate-config.js
02:47:31.057 [main] INFO  com.intuit.karate.Suite - backed up existing 'target\karate-reports' dir to: target\karate-reports_1679014051056
02:47:31.918 [pool-1-thread-1] INFO  com.intuit.karate - karate.env system property was: null 
02:47:31.918 [pool-1-thread-2] INFO  com.intuit.karate - karate.env system property was: null 
02:47:31.918 [pool-1-thread-3] INFO  com.intuit.karate - karate.env system property was: null 
02:47:32.504 [pool-1-thread-3] DEBUG com.intuit.karate - request:
1 > DELETE https://api.thedogapi.com/v1/favourites/70379
1 > x-api-key: live_MZuFF20RpOAJWlFt5JIzSvxBEl2V67khyaEE6EhPeSCEmcypCk1LoOjtBI5WD7UD
1 > 'Content-Type': application/json
1 > Host: api.thedogapi.com
1 > Connection: Keep-Alive
1 > User-Agent: Apache-HttpClient/4.5.13 (Java/1.8.0_241)
1 > Accept-Encoding: gzip,deflate


02:47:32.504 [pool-1-thread-1] DEBUG com.intuit.karate - request:
1 > GET https://api.thedogapi.com/v1/favourites/70443
1 > x-api-key: live_MZuFF20RpOAJWlFt5JIzSvxBEl2V67khyaEE6EhPeSCEmcypCk1LoOjtBI5WD7UD
1 > 'Content-Type': application/json
1 > Host: api.thedogapi.com
1 > Connection: Keep-Alive
1 > User-Agent: Apache-HttpClient/4.5.13 (Java/1.8.0_241)
1 > Accept-Encoding: gzip,deflate


02:47:32.505 [pool-1-thread-2] DEBUG com.intuit.karate - request:
1 > POST https://api.thedogapi.com/v1/favourites
1 > x-api-key: live_MZuFF20RpOAJWlFt5JIzSvxBEl2V67khyaEE6EhPeSCEmcypCk1LoOjtBI5WD7UD
1 > 'Content-Type': application/json
1 > Content-Type: application/json; charset=UTF-8
1 > Content-Length: 23
1 > Host: api.thedogapi.com
1 > Connection: Keep-Alive
1 > User-Agent: Apache-HttpClient/4.5.13 (Java/1.8.0_241)
1 > Accept-Encoding: gzip,deflate
{"image_id":"12g3fg45"}

02:47:33.723 [pool-1-thread-3] DEBUG com.intuit.karate - response time in milliseconds: 1217
1 < 400
1 < content-type: text/plain; charset=utf-8
1 < X-Cloud-Trace-Context: 1cc6a315d43daf08f01a611a40dacb8d
1 < Date: Fri, 17 Mar 2023 00:47:34 GMT
1 < Server: Google Frontend
1 < Content-Length: 15
INVALID_ACCOUNT
02:47:33.728 [pool-1-thread-3] INFO  com.intuit.karate - Response: INVALID_ACCOUNT 
02:47:33.764 [pool-1-thread-1] DEBUG com.intuit.karate - response time in milliseconds: 1260
1 < 200
1 < x-dns-prefetch-control: off
1 < x-frame-options: SAMEORIGIN
1 < strict-transport-security: max-age=15552000; includeSubDomains
1 < x-download-options: noopen
1 < x-content-type-options: nosniff
1 < x-xss-protection: 1; mode=block
1 < vary: Origin
1 < retry-after-seconds: 28.166
1 < ratelimit-limit: 120
1 < ratelimit-remaining: 115
1 < ratelimit-consumed: 5
1 < ratelimit-reset: 2023-03-17T00:48:03.015Z
1 < content-type: application/json; charset=utf-8
1 < x-response-time: 242ms
1 < X-Cloud-Trace-Context: 0582f0b7aead712fcfb5fb47e931e375;o=1
1 < Date: Fri, 17 Mar 2023 00:47:35 GMT
1 < Server: Google Frontend
1 < Content-Length: 128
{"id":70443,"user_id":"1qwfju","image_id":"9reeeeee","sub_id":"my-user-1234","created_at":"2023-03-14T20:26:27.000Z","image":{}}
02:47:33.778 [pool-1-thread-2] DEBUG com.intuit.karate - response time in milliseconds: 1273
1 < 200
1 < x-dns-prefetch-control: off
1 < x-frame-options: SAMEORIGIN
1 < strict-transport-security: max-age=15552000; includeSubDomains
1 < x-download-options: noopen
1 < x-content-type-options: nosniff
1 < x-xss-protection: 1; mode=block
1 < vary: Origin
1 < retry-after-seconds: 28.146
1 < ratelimit-limit: 120
1 < ratelimit-remaining: 114
1 < ratelimit-consumed: 6
1 < ratelimit-reset: 2023-03-17T00:48:03.014Z
1 < content-type: application/json; charset=utf-8
1 < x-response-time: 261ms
1 < X-Cloud-Trace-Context: 7fe842ec8ac9ea1a71bdc3ce0b7d05c3
1 < Date: Fri, 17 Mar 2023 00:47:35 GMT
1 < Server: Google Frontend
1 < Content-Length: 32
{"message":"SUCCESS","id":71104}
02:47:33.782 [pool-1-thread-2] INFO  com.intuit.karate - Response: {
  "message": "SUCCESS",
  "id": 71104
}
 
02:47:33.783 [pool-1-thread-1] INFO  com.intuit.karate - Response: {
  "id": 70443,
  "user_id": "1qwfju",
  "image_id": "9reeeeee",
  "sub_id": "my-user-1234",
  "created_at": "2023-03-14T20:26:27.000Z",
  "image": {
  }
}
 
02:47:33.784 [pool-1-thread-1] INFO  com.intuit.karate - [print] {
  "id": 70443,
  "user_id": "1qwfju",
  "image_id": "9reeeeee",
  "sub_id": "my-user-1234",
  "created_at": "2023-03-14T20:26:27.000Z",
  "image": {
  }
}
 
02:47:33.785 [pool-1-thread-2] INFO  com.intuit.karate - created dog saved! 
02:47:34.542 [pool-2-thread-1] INFO  com.intuit.karate.Suite - <<pass>> feature 1 of 1 (0 remaining) classpath:favourites/favs/favs.feature
